SUMMARY OF I/O FOR AIRCRAFT: B-737-700*          

 PROGRAM:  OMEGA 10.9
 AIRCRAFT CODE: C10201
 PROFILE VERSION CODE: W
 DATE: 19 Jan 2023
 DELTA N (OR DELN)=  0.00 DB


 *********************************** INPUT DATA ***********************************
  DATASET               POWER     AIRSPEED POWER DESCRIPTION     DATE OF
    NAME     OPC       SETTING      KNOTS                        NORM. RUN
 FC10201021V  02   3000.00 LBS        160  IDLE POWER            16 JAN 2001
 FC10201011P  01   5000.00 LBS        160  APPROACH POWER        16 JAN 2001
 FC10201031V  03  10000.00 LBS        160  TRAFFIC PATTERN       16 JAN 2001
 FC10201041V  04  13000.00 LBS        160  INTERMEDIATE POWER    16 JAN 2001
 FC10201051V  05  16000.00 LBS        160  INTERMED POWER (MIL)  16 JAN 2001
 FC10201061V  06  19000.00 LBS        160  19000 LBS POWER       16 JAN 2001
 FC10201071V  07  23500.00 LBS        160  TAKEOFF POWER         16 JAN 2001


 ********************************** OUTPUT DATA ***********************************
 IS PROFILE DATA WRITTEN ON FILE *UNIT 3*?--YES
 MAXIMUM PERMITTED PROFILE DATA EXTRAPOLATION IS:  5.00 DB
 ENGINE TYPE FOR ALL PROFILE DATA: CFM56-7B-24    
 METEOROLOGY:  TEMP      =    47 F
               REL HUMID =    78 %

  PROFILE            POWER     AIRSPEED POWER DESCRIPTION    NORMALIZED DATASETS
    ID    OPC       SETTING      KNOTS                       REFERENCE  SLOPE PTS
 FC1020100 07  27000.00 LBS        160  TAKEOFF POWER        C10201071V 061V 071V


 ****************************** GENERAL INFORMATION *******************************
 OPC --- OPERATION POWER CODE.
 THE ENGINE TYPE GIVEN ABOVE IS TAKEN FROM THE LAST REFERENCE FILE DATASET;
 IT IS ASSUMED TO BE THE SAME FOR ALL DATASETS.

SUMMARY OF I/O FOR AIRCRAFT: B-737-700*          

 PROGRAM:  OMEGA 10.9
 AIRCRAFT CODE: C10201
 PROFILE VERSION CODE: W
 DATE: 19 Jan 2023
 DELTA N (OR DELN)=  0.00 DB


 *********************************** INPUT DATA ***********************************
  DATASET               POWER     AIRSPEED POWER DESCRIPTION     DATE OF
    NAME     OPC       SETTING      KNOTS                        NORM. RUN
 FC10201021V  02   3000.00 LBS        160  IDLE POWER            16 JAN 2001
 FC10201011P  01   5000.00 LBS        160  APPROACH POWER        16 JAN 2001
 FC10201031V  03  10000.00 LBS        160  TRAFFIC PATTERN       16 JAN 2001
 FC10201041V  04  13000.00 LBS        160  INTERMEDIATE POWER    16 JAN 2001
 FC10201051V  05  16000.00 LBS        160  INTERMED POWER (MIL)  16 JAN 2001
 FC10201061V  06  19000.00 LBS        160  19000 LBS POWER       16 JAN 2001
 FC10201071V  07  23500.00 LBS        160  TAKEOFF POWER         16 JAN 2001


 ********************************** OUTPUT DATA ***********************************
 IS PROFILE DATA WRITTEN ON FILE *UNIT 3*?--YES
 MAXIMUM PERMITTED PROFILE DATA EXTRAPOLATION IS:  5.00 DB
 ENGINE TYPE FOR ALL PROFILE DATA: CFM56-7B-24    
 METEOROLOGY:  TEMP      =    47 F
               REL HUMID =    78 %

  PROFILE            POWER     AIRSPEED POWER DESCRIPTION    NORMALIZED DATASETS
    ID    OPC       SETTING      KNOTS                       REFERENCE  SLOPE PTS
 FC1020101 06  19204.00 LBS        160  19000 LBS POWER      C10201061V 061V 071V


 ****************************** GENERAL INFORMATION *******************************
 OPC --- OPERATION POWER CODE.
 THE ENGINE TYPE GIVEN ABOVE IS TAKEN FROM THE LAST REFERENCE FILE DATASET;
 IT IS ASSUMED TO BE THE SAME FOR ALL DATASETS.

SUMMARY OF I/O FOR AIRCRAFT: B-737-700*          

 PROGRAM:  OMEGA 10.9
 AIRCRAFT CODE: C10201
 PROFILE VERSION CODE: W
 DATE: 19 Jan 2023
 DELTA N (OR DELN)=  0.00 DB


 *********************************** INPUT DATA ***********************************
  DATASET               POWER     AIRSPEED POWER DESCRIPTION     DATE OF
    NAME     OPC       SETTING      KNOTS                        NORM. RUN
 FC10201021V  02   3000.00 LBS        160  IDLE POWER            16 JAN 2001
 FC10201011P  01   5000.00 LBS        160  APPROACH POWER        16 JAN 2001
 FC10201031V  03  10000.00 LBS        160  TRAFFIC PATTERN       16 JAN 2001
 FC10201041V  04  13000.00 LBS        160  INTERMEDIATE POWER    16 JAN 2001
 FC10201051V  05  16000.00 LBS        160  INTERMED POWER (MIL)  16 JAN 2001
 FC10201061V  06  19000.00 LBS        160  19000 LBS POWER       16 JAN 2001
 FC10201071V  07  23500.00 LBS        160  TAKEOFF POWER         16 JAN 2001


 ********************************** OUTPUT DATA ***********************************
 IS PROFILE DATA WRITTEN ON FILE *UNIT 3*?--YES
 MAXIMUM PERMITTED PROFILE DATA EXTRAPOLATION IS:  5.00 DB
 ENGINE TYPE FOR ALL PROFILE DATA: CFM56-7B-24    
 METEOROLOGY:  TEMP      =    47 F
               REL HUMID =    78 %

  PROFILE            POWER     AIRSPEED POWER DESCRIPTION    NORMALIZED DATASETS
    ID    OPC       SETTING      KNOTS                       REFERENCE  SLOPE PTS
 FC1020102 06  19513.00 LBS        160  19000 LBS POWER      C10201061V 061V 071V


 ****************************** GENERAL INFORMATION *******************************
 OPC --- OPERATION POWER CODE.
 THE ENGINE TYPE GIVEN ABOVE IS TAKEN FROM THE LAST REFERENCE FILE DATASET;
 IT IS ASSUMED TO BE THE SAME FOR ALL DATASETS.

SUMMARY OF I/O FOR AIRCRAFT: B-737-700*          

 PROGRAM:  OMEGA 10.9
 AIRCRAFT CODE: C10201
 PROFILE VERSION CODE: W
 DATE: 19 Jan 2023
 DELTA N (OR DELN)=  0.00 DB


 *********************************** INPUT DATA ***********************************
  DATASET               POWER     AIRSPEED POWER DESCRIPTION     DATE OF
    NAME     OPC       SETTING      KNOTS                        NORM. RUN
 FC10201021V  02   3000.00 LBS        160  IDLE POWER            16 JAN 2001
 FC10201011P  01   5000.00 LBS        160  APPROACH POWER        16 JAN 2001
 FC10201031V  03  10000.00 LBS        160  TRAFFIC PATTERN       16 JAN 2001
 FC10201041V  04  13000.00 LBS        160  INTERMEDIATE POWER    16 JAN 2001
 FC10201051V  05  16000.00 LBS        160  INTERMED POWER (MIL)  16 JAN 2001
 FC10201061V  06  19000.00 LBS        160  19000 LBS POWER       16 JAN 2001
 FC10201071V  07  23500.00 LBS        160  TAKEOFF POWER         16 JAN 2001


 ********************************** OUTPUT DATA ***********************************
 IS PROFILE DATA WRITTEN ON FILE *UNIT 3*?--YES
 MAXIMUM PERMITTED PROFILE DATA EXTRAPOLATION IS:  5.00 DB
 ENGINE TYPE FOR ALL PROFILE DATA: CFM56-7B-24    
 METEOROLOGY:  TEMP      =    47 F
               REL HUMID =    78 %

  PROFILE            POWER     AIRSPEED POWER DESCRIPTION    NORMALIZED DATASETS
    ID    OPC       SETTING      KNOTS                       REFERENCE  SLOPE PTS
 FC1020103 06  17941.00 LBS        160  19000 LBS POWER      C10201051V 051V 061V


 ****************************** GENERAL INFORMATION *******************************
 OPC --- OPERATION POWER CODE.
 THE ENGINE TYPE GIVEN ABOVE IS TAKEN FROM THE LAST REFERENCE FILE DATASET;
 IT IS ASSUMED TO BE THE SAME FOR ALL DATASETS.

SUMMARY OF I/O FOR AIRCRAFT: B-737-700*          

 PROGRAM:  OMEGA 10.9
 AIRCRAFT CODE: C10201
 PROFILE VERSION CODE: W
 DATE: 19 Jan 2023
 DELTA N (OR DELN)=  0.00 DB


 *********************************** INPUT DATA ***********************************
  DATASET               POWER     AIRSPEED POWER DESCRIPTION     DATE OF
    NAME     OPC       SETTING      KNOTS                        NORM. RUN
 FC10201021V  02   3000.00 LBS        160  IDLE POWER            16 JAN 2001
 FC10201011P  01   5000.00 LBS        160  APPROACH POWER        16 JAN 2001
 FC10201031V  03  10000.00 LBS        160  TRAFFIC PATTERN       16 JAN 2001
 FC10201041V  04  13000.00 LBS        160  INTERMEDIATE POWER    16 JAN 2001
 FC10201051V  05  16000.00 LBS        160  INTERMED POWER (MIL)  16 JAN 2001
 FC10201061V  06  19000.00 LBS        160  19000 LBS POWER       16 JAN 2001
 FC10201071V  07  23500.00 LBS        160  TAKEOFF POWER         16 JAN 2001


 ********************************** OUTPUT DATA ***********************************
 IS PROFILE DATA WRITTEN ON FILE *UNIT 3*?--YES
 MAXIMUM PERMITTED PROFILE DATA EXTRAPOLATION IS:  5.00 DB
 ENGINE TYPE FOR ALL PROFILE DATA: CFM56-7B-24    
 METEOROLOGY:  TEMP      =    47 F
               REL HUMID =    78 %

  PROFILE            POWER     AIRSPEED POWER DESCRIPTION    NORMALIZED DATASETS
    ID    OPC       SETTING      KNOTS                       REFERENCE  SLOPE PTS
 FC1020104 05  17244.00 LBS        160  INTERMED POWER (MIL) C10201051V 051V 061V


 ****************************** GENERAL INFORMATION *******************************
 OPC --- OPERATION POWER CODE.
 THE ENGINE TYPE GIVEN ABOVE IS TAKEN FROM THE LAST REFERENCE FILE DATASET;
 IT IS ASSUMED TO BE THE SAME FOR ALL DATASETS.

SUMMARY OF I/O FOR AIRCRAFT: B-737-700*          

 PROGRAM:  OMEGA 10.9
 AIRCRAFT CODE: C10201
 PROFILE VERSION CODE: W
 DATE: 19 Jan 2023
 DELTA N (OR DELN)=  0.00 DB


 *********************************** INPUT DATA ***********************************
  DATASET               POWER     AIRSPEED POWER DESCRIPTION     DATE OF
    NAME     OPC       SETTING      KNOTS                        NORM. RUN
 FC10201021V  02   3000.00 LBS        160  IDLE POWER            16 JAN 2001
 FC10201011P  01   5000.00 LBS        160  APPROACH POWER        16 JAN 2001
 FC10201031V  03  10000.00 LBS        160  TRAFFIC PATTERN       16 JAN 2001
 FC10201041V  04  13000.00 LBS        160  INTERMEDIATE POWER    16 JAN 2001
 FC10201051V  05  16000.00 LBS        160  INTERMED POWER (MIL)  16 JAN 2001
 FC10201061V  06  19000.00 LBS        160  19000 LBS POWER       16 JAN 2001
 FC10201071V  07  23500.00 LBS        160  TAKEOFF POWER         16 JAN 2001


 ********************************** OUTPUT DATA ***********************************
 IS PROFILE DATA WRITTEN ON FILE *UNIT 3*?--YES
 MAXIMUM PERMITTED PROFILE DATA EXTRAPOLATION IS:  5.00 DB
 ENGINE TYPE FOR ALL PROFILE DATA: CFM56-7B-24    
 METEOROLOGY:  TEMP      =    47 F
               REL HUMID =    78 %

  PROFILE            POWER     AIRSPEED POWER DESCRIPTION    NORMALIZED DATASETS
    ID    OPC       SETTING      KNOTS                       REFERENCE  SLOPE PTS
 FC1020105 01   5530.00 LBS        160  APPROACH POWER       C10201011P 021V 031V


 ****************************** GENERAL INFORMATION *******************************
 OPC --- OPERATION POWER CODE.
 THE ENGINE TYPE GIVEN ABOVE IS TAKEN FROM THE LAST REFERENCE FILE DATASET;
 IT IS ASSUMED TO BE THE SAME FOR ALL DATASETS.

SUMMARY OF I/O FOR AIRCRAFT: B-737-700*          

 PROGRAM:  OMEGA 10.9
 AIRCRAFT CODE: C10201
 PROFILE VERSION CODE: W
 DATE: 19 Jan 2023
 DELTA N (OR DELN)=  0.00 DB


 *********************************** INPUT DATA ***********************************
  DATASET               POWER     AIRSPEED POWER DESCRIPTION     DATE OF
    NAME     OPC       SETTING      KNOTS                        NORM. RUN
 FC10201021V  02   3000.00 LBS        160  IDLE POWER            16 JAN 2001
 FC10201011P  01   5000.00 LBS        160  APPROACH POWER        16 JAN 2001
 FC10201031V  03  10000.00 LBS        160  TRAFFIC PATTERN       16 JAN 2001
 FC10201041V  04  13000.00 LBS        160  INTERMEDIATE POWER    16 JAN 2001
 FC10201051V  05  16000.00 LBS        160  INTERMED POWER (MIL)  16 JAN 2001
 FC10201061V  06  19000.00 LBS        160  19000 LBS POWER       16 JAN 2001
 FC10201071V  07  23500.00 LBS        160  TAKEOFF POWER         16 JAN 2001


 ********************************** OUTPUT DATA ***********************************
 IS PROFILE DATA WRITTEN ON FILE *UNIT 3*?--YES
 MAXIMUM PERMITTED PROFILE DATA EXTRAPOLATION IS:  5.00 DB
 ENGINE TYPE FOR ALL PROFILE DATA: CFM56-7B-24    
 METEOROLOGY:  TEMP      =    47 F
               REL HUMID =    78 %

  PROFILE            POWER     AIRSPEED POWER DESCRIPTION    NORMALIZED DATASETS
    ID    OPC       SETTING      KNOTS                       REFERENCE  SLOPE PTS
 FC1020106 06  17760.00 LBS        160  19000 LBS POWER      C10201051V 051V 061V


 ****************************** GENERAL INFORMATION *******************************
 OPC --- OPERATION POWER CODE.
 THE ENGINE TYPE GIVEN ABOVE IS TAKEN FROM THE LAST REFERENCE FILE DATASET;
 IT IS ASSUMED TO BE THE SAME FOR ALL DATASETS.

SUMMARY OF I/O FOR AIRCRAFT: B-737-700*          

 PROGRAM:  OMEGA 10.9
 AIRCRAFT CODE: C10201
 PROFILE VERSION CODE: W
 DATE: 19 Jan 2023
 DELTA N (OR DELN)=  0.00 DB


 *********************************** INPUT DATA ***********************************
  DATASET               POWER     AIRSPEED POWER DESCRIPTION     DATE OF
    NAME     OPC       SETTING      KNOTS                        NORM. RUN
 FC10201021V  02   3000.00 LBS        160  IDLE POWER            16 JAN 2001
 FC10201011P  01   5000.00 LBS        160  APPROACH POWER        16 JAN 2001
 FC10201031V  03  10000.00 LBS        160  TRAFFIC PATTERN       16 JAN 2001
 FC10201041V  04  13000.00 LBS        160  INTERMEDIATE POWER    16 JAN 2001
 FC10201051V  05  16000.00 LBS        160  INTERMED POWER (MIL)  16 JAN 2001
 FC10201061V  06  19000.00 LBS        160  19000 LBS POWER       16 JAN 2001
 FC10201071V  07  23500.00 LBS        160  TAKEOFF POWER         16 JAN 2001


 ********************************** OUTPUT DATA ***********************************
 IS PROFILE DATA WRITTEN ON FILE *UNIT 3*?--YES
 MAXIMUM PERMITTED PROFILE DATA EXTRAPOLATION IS:  5.00 DB
 ENGINE TYPE FOR ALL PROFILE DATA: CFM56-7B-24    
 METEOROLOGY:  TEMP      =    47 F
               REL HUMID =    78 %

  PROFILE            POWER     AIRSPEED POWER DESCRIPTION    NORMALIZED DATASETS
    ID    OPC       SETTING      KNOTS                       REFERENCE  SLOPE PTS
 FC1020107 02   4610.00 LBS        160  IDLE POWER           C10201021V 021V 031V


 ****************************** GENERAL INFORMATION *******************************
 OPC --- OPERATION POWER CODE.
 THE ENGINE TYPE GIVEN ABOVE IS TAKEN FROM THE LAST REFERENCE FILE DATASET;
 IT IS ASSUMED TO BE THE SAME FOR ALL DATASETS.

SUMMARY OF I/O FOR AIRCRAFT: B-737-700*          

 PROGRAM:  OMEGA 10.9
 AIRCRAFT CODE: C10201
 PROFILE VERSION CODE: W
 DATE: 19 Jan 2023
 DELTA N (OR DELN)=  0.00 DB


 *********************************** INPUT DATA ***********************************
  DATASET               POWER     AIRSPEED POWER DESCRIPTION     DATE OF
    NAME     OPC       SETTING      KNOTS                        NORM. RUN
 FC10201021V  02   3000.00 LBS        160  IDLE POWER            16 JAN 2001
 FC10201011P  01   5000.00 LBS        160  APPROACH POWER        16 JAN 2001
 FC10201031V  03  10000.00 LBS        160  TRAFFIC PATTERN       16 JAN 2001
 FC10201041V  04  13000.00 LBS        160  INTERMEDIATE POWER    16 JAN 2001
 FC10201051V  05  16000.00 LBS        160  INTERMED POWER (MIL)  16 JAN 2001
 FC10201061V  06  19000.00 LBS        160  19000 LBS POWER       16 JAN 2001
 FC10201071V  07  23500.00 LBS        160  TAKEOFF POWER         16 JAN 2001


 ********************************** OUTPUT DATA ***********************************
 IS PROFILE DATA WRITTEN ON FILE *UNIT 3*?--YES
 MAXIMUM PERMITTED PROFILE DATA EXTRAPOLATION IS:  5.00 DB
 ENGINE TYPE FOR ALL PROFILE DATA: CFM56-7B-24    
 METEOROLOGY:  TEMP      =    47 F
               REL HUMID =    78 %

  PROFILE            POWER     AIRSPEED POWER DESCRIPTION    NORMALIZED DATASETS
    ID    OPC       SETTING      KNOTS                       REFERENCE  SLOPE PTS
 FC1020108 07  24000.00 LBS        160  TAKEOFF POWER        C10201071V 061V 071V


 ****************************** GENERAL INFORMATION *******************************
 OPC --- OPERATION POWER CODE.
 THE ENGINE TYPE GIVEN ABOVE IS TAKEN FROM THE LAST REFERENCE FILE DATASET;
 IT IS ASSUMED TO BE THE SAME FOR ALL DATASETS.

SUMMARY OF I/O FOR AIRCRAFT: B-737-700*          

 PROGRAM:  OMEGA 10.9
 AIRCRAFT CODE: C10201
 PROFILE VERSION CODE: W
 DATE: 19 Jan 2023
 DELTA N (OR DELN)=  0.00 DB


 *********************************** INPUT DATA ***********************************
  DATASET               POWER     AIRSPEED POWER DESCRIPTION     DATE OF
    NAME     OPC       SETTING      KNOTS                        NORM. RUN
 FC10201021V  02   3000.00 LBS        160  IDLE POWER            16 JAN 2001
 FC10201011P  01   5000.00 LBS        160  APPROACH POWER        16 JAN 2001
 FC10201031V  03  10000.00 LBS        160  TRAFFIC PATTERN       16 JAN 2001
 FC10201041V  04  13000.00 LBS        160  INTERMEDIATE POWER    16 JAN 2001
 FC10201051V  05  16000.00 LBS        160  INTERMED POWER (MIL)  16 JAN 2001
 FC10201061V  06  19000.00 LBS        160  19000 LBS POWER       16 JAN 2001
 FC10201071V  07  23500.00 LBS        160  TAKEOFF POWER         16 JAN 2001


 ********************************** OUTPUT DATA ***********************************
 IS PROFILE DATA WRITTEN ON FILE *UNIT 3*?--YES
 MAXIMUM PERMITTED PROFILE DATA EXTRAPOLATION IS:  5.00 DB
 ENGINE TYPE FOR ALL PROFILE DATA: CFM56-7B-24    
 METEOROLOGY:  TEMP      =    47 F
               REL HUMID =    78 %

  PROFILE            POWER     AIRSPEED POWER DESCRIPTION    NORMALIZED DATASETS
    ID    OPC       SETTING      KNOTS                       REFERENCE  SLOPE PTS
 FC1020109 07  25000.00 LBS        160  TAKEOFF POWER        C10201071V 061V 071V


 ****************************** GENERAL INFORMATION *******************************
 OPC --- OPERATION POWER CODE.
 THE ENGINE TYPE GIVEN ABOVE IS TAKEN FROM THE LAST REFERENCE FILE DATASET;
 IT IS ASSUMED TO BE THE SAME FOR ALL DATASETS.

SUMMARY OF I/O FOR AIRCRAFT: B-737-700*          

 PROGRAM:  OMEGA 10.9
 AIRCRAFT CODE: C10201
 PROFILE VERSION CODE: W
 DATE: 19 Jan 2023
 DELTA N (OR DELN)=  0.00 DB


 *********************************** INPUT DATA ***********************************
  DATASET               POWER     AIRSPEED POWER DESCRIPTION     DATE OF
    NAME     OPC       SETTING      KNOTS                        NORM. RUN
 FC10201021V  02   3000.00 LBS        160  IDLE POWER            16 JAN 2001
 FC10201011P  01   5000.00 LBS        160  APPROACH POWER        16 JAN 2001
 FC10201031V  03  10000.00 LBS        160  TRAFFIC PATTERN       16 JAN 2001
 FC10201041V  04  13000.00 LBS        160  INTERMEDIATE POWER    16 JAN 2001
 FC10201051V  05  16000.00 LBS        160  INTERMED POWER (MIL)  16 JAN 2001
 FC10201061V  06  19000.00 LBS        160  19000 LBS POWER       16 JAN 2001
 FC10201071V  07  23500.00 LBS        160  TAKEOFF POWER         16 JAN 2001


 ********************************** OUTPUT DATA ***********************************
 IS PROFILE DATA WRITTEN ON FILE *UNIT 3*?--YES
 MAXIMUM PERMITTED PROFILE DATA EXTRAPOLATION IS:  5.00 DB
 ENGINE TYPE FOR ALL PROFILE DATA: CFM56-7B-24    
 METEOROLOGY:  TEMP      =    47 F
               REL HUMID =    78 %

  PROFILE            POWER     AIRSPEED POWER DESCRIPTION    NORMALIZED DATASETS
    ID    OPC       SETTING      KNOTS                       REFERENCE  SLOPE PTS
 FC1020110 06  17500.00 LBS        160  19000 LBS POWER      C10201051V 051V 061V


 ****************************** GENERAL INFORMATION *******************************
 OPC --- OPERATION POWER CODE.
 THE ENGINE TYPE GIVEN ABOVE IS TAKEN FROM THE LAST REFERENCE FILE DATASET;
 IT IS ASSUMED TO BE THE SAME FOR ALL DATASETS.

SUMMARY OF I/O FOR AIRCRAFT: B-737-700*          

 PROGRAM:  OMEGA 10.9
 AIRCRAFT CODE: C10201
 PROFILE VERSION CODE: W
 DATE: 19 Jan 2023
 DELTA N (OR DELN)=  0.00 DB


 *********************************** INPUT DATA ***********************************
  DATASET               POWER     AIRSPEED POWER DESCRIPTION     DATE OF
    NAME     OPC       SETTING      KNOTS                        NORM. RUN
 FC10201021V  02   3000.00 LBS        160  IDLE POWER            16 JAN 2001
 FC10201011P  01   5000.00 LBS        160  APPROACH POWER        16 JAN 2001
 FC10201031V  03  10000.00 LBS        160  TRAFFIC PATTERN       16 JAN 2001
 FC10201041V  04  13000.00 LBS        160  INTERMEDIATE POWER    16 JAN 2001
 FC10201051V  05  16000.00 LBS        160  INTERMED POWER (MIL)  16 JAN 2001
 FC10201061V  06  19000.00 LBS        160  19000 LBS POWER       16 JAN 2001
 FC10201071V  07  23500.00 LBS        160  TAKEOFF POWER         16 JAN 2001


 ********************************** OUTPUT DATA ***********************************
 IS PROFILE DATA WRITTEN ON FILE *UNIT 3*?--YES
 MAXIMUM PERMITTED PROFILE DATA EXTRAPOLATION IS:  5.00 DB
 ENGINE TYPE FOR ALL PROFILE DATA: CFM56-7B-24    
 METEOROLOGY:  TEMP      =    47 F
               REL HUMID =    78 %

  PROFILE            POWER     AIRSPEED POWER DESCRIPTION    NORMALIZED DATASETS
    ID    OPC       SETTING      KNOTS                       REFERENCE  SLOPE PTS
 FC1020111 01  10000.00 LBS        160  APPROACH POWER       C10201011P 021V 031V


 ****************************** GENERAL INFORMATION *******************************
 OPC --- OPERATION POWER CODE.
 THE ENGINE TYPE GIVEN ABOVE IS TAKEN FROM THE LAST REFERENCE FILE DATASET;
 IT IS ASSUMED TO BE THE SAME FOR ALL DATASETS.

SUMMARY OF I/O FOR AIRCRAFT: F-18E/F             

 PROGRAM:  OMEGA 10.9
 AIRCRAFT CODE: M04502
 PROFILE VERSION CODE: W
 DATE: 19 Jan 2023
 DELTA N (OR DELN)=  0.00 DB


 *********************************** INPUT DATA ***********************************
  DATASET               POWER     AIRSPEED POWER DESCRIPTION     DATE OF
    NAME     OPC       SETTING      KNOTS                        NORM. RUN
 FM04502011F  01     97.00 % NC       160  AFTERBURNER POWER     15 FEB 2001
 FM04502031V  03     96.00 % NC       160  TAKEOFF POWER         15 FEB 2001
 FM04502051P  05     84.00 % NC       160  APPROACH POWER        15 FEB 2001
 FM04502041V  04     83.50 % NC       160  CRUISE POWER          15 FEB 2001
 FM04502131V  13     79.50 % NC       160  TRAFFIC PATTERN       15 FEB 2001


 ********************************** OUTPUT DATA ***********************************
 IS PROFILE DATA WRITTEN ON FILE *UNIT 3*?--YES
 MAXIMUM PERMITTED PROFILE DATA EXTRAPOLATION IS:  5.00 DB
 ENGINE TYPE FOR ALL PROFILE DATA: F414-GE-400    
 METEOROLOGY:  TEMP      =    47 F
               REL HUMID =    78 %

  PROFILE            POWER     AIRSPEED POWER DESCRIPTION    NORMALIZED DATASETS
    ID    OPC       SETTING      KNOTS                       REFERENCE  SLOPE PTS
 FM0450200 01     97.00 % NC       160  AFTERBURNER POWER    M04502011F


 ****************************** GENERAL INFORMATION *******************************
 OPC --- OPERATION POWER CODE.
 THE ENGINE TYPE GIVEN ABOVE IS TAKEN FROM THE LAST REFERENCE FILE DATASET;
 IT IS ASSUMED TO BE THE SAME FOR ALL DATASETS.

SUMMARY OF I/O FOR AIRCRAFT: F-18E/F             

 PROGRAM:  OMEGA 10.9
 AIRCRAFT CODE: M04502
 PROFILE VERSION CODE: W
 DATE: 19 Jan 2023
 DELTA N (OR DELN)=  0.00 DB


 *********************************** INPUT DATA ***********************************
  DATASET               POWER     AIRSPEED POWER DESCRIPTION     DATE OF
    NAME     OPC       SETTING      KNOTS                        NORM. RUN
 FM04502011F  01     97.00 % NC       160  AFTERBURNER POWER     15 FEB 2001
 FM04502031V  03     96.00 % NC       160  TAKEOFF POWER         15 FEB 2001
 FM04502051P  05     84.00 % NC       160  APPROACH POWER        15 FEB 2001
 FM04502041V  04     83.50 % NC       160  CRUISE POWER          15 FEB 2001
 FM04502131V  13     79.50 % NC       160  TRAFFIC PATTERN       15 FEB 2001


 ********************************** OUTPUT DATA ***********************************
 IS PROFILE DATA WRITTEN ON FILE *UNIT 3*?--YES
 MAXIMUM PERMITTED PROFILE DATA EXTRAPOLATION IS:  5.00 DB
 ENGINE TYPE FOR ALL PROFILE DATA: F414-GE-400    
 METEOROLOGY:  TEMP      =    47 F
               REL HUMID =    78 %

  PROFILE            POWER     AIRSPEED POWER DESCRIPTION    NORMALIZED DATASETS
    ID    OPC       SETTING      KNOTS                       REFERENCE  SLOPE PTS
 FM0450201 03     91.00 % NC       160  TAKEOFF POWER        M04502041V 041V 031V


 ****************************** GENERAL INFORMATION *******************************
 OPC --- OPERATION POWER CODE.
 THE ENGINE TYPE GIVEN ABOVE IS TAKEN FROM THE LAST REFERENCE FILE DATASET;
 IT IS ASSUMED TO BE THE SAME FOR ALL DATASETS.

SUMMARY OF I/O FOR AIRCRAFT: F-18E/F             

 PROGRAM:  OMEGA 10.9
 AIRCRAFT CODE: M04502
 PROFILE VERSION CODE: W
 DATE: 19 Jan 2023
 DELTA N (OR DELN)=  0.00 DB


 *********************************** INPUT DATA ***********************************
  DATASET               POWER     AIRSPEED POWER DESCRIPTION     DATE OF
    NAME     OPC       SETTING      KNOTS                        NORM. RUN
 FM04502011F  01     97.00 % NC       160  AFTERBURNER POWER     15 FEB 2001
 FM04502031V  03     96.00 % NC       160  TAKEOFF POWER         15 FEB 2001
 FM04502051P  05     84.00 % NC       160  APPROACH POWER        15 FEB 2001
 FM04502041V  04     83.50 % NC       160  CRUISE POWER          15 FEB 2001
 FM04502131V  13     79.50 % NC       160  TRAFFIC PATTERN       15 FEB 2001


 ********************************** OUTPUT DATA ***********************************
 IS PROFILE DATA WRITTEN ON FILE *UNIT 3*?--YES
 MAXIMUM PERMITTED PROFILE DATA EXTRAPOLATION IS:  5.00 DB
 ENGINE TYPE FOR ALL PROFILE DATA: F414-GE-400    
 METEOROLOGY:  TEMP      =    47 F
               REL HUMID =    78 %

  PROFILE            POWER     AIRSPEED POWER DESCRIPTION    NORMALIZED DATASETS
    ID    OPC       SETTING      KNOTS                       REFERENCE  SLOPE PTS
 FM0450202 03     95.00 % NC       160  TAKEOFF POWER        M04502041V 041V 031V


 ****************************** GENERAL INFORMATION *******************************
 OPC --- OPERATION POWER CODE.
 THE ENGINE TYPE GIVEN ABOVE IS TAKEN FROM THE LAST REFERENCE FILE DATASET;
 IT IS ASSUMED TO BE THE SAME FOR ALL DATASETS.

SUMMARY OF I/O FOR AIRCRAFT: F-18E/F             

 PROGRAM:  OMEGA 10.9
 AIRCRAFT CODE: M04502
 PROFILE VERSION CODE: W
 DATE: 19 Jan 2023
 DELTA N (OR DELN)=  0.00 DB


 *********************************** INPUT DATA ***********************************
  DATASET               POWER     AIRSPEED POWER DESCRIPTION     DATE OF
    NAME     OPC       SETTING      KNOTS                        NORM. RUN
 FM04502011F  01     97.00 % NC       160  AFTERBURNER POWER     15 FEB 2001
 FM04502031V  03     96.00 % NC       160  TAKEOFF POWER         15 FEB 2001
 FM04502051P  05     84.00 % NC       160  APPROACH POWER        15 FEB 2001
 FM04502041V  04     83.50 % NC       160  CRUISE POWER          15 FEB 2001
 FM04502131V  13     79.50 % NC       160  TRAFFIC PATTERN       15 FEB 2001


 ********************************** OUTPUT DATA ***********************************
 IS PROFILE DATA WRITTEN ON FILE *UNIT 3*?--YES
 MAXIMUM PERMITTED PROFILE DATA EXTRAPOLATION IS:  5.00 DB
 ENGINE TYPE FOR ALL PROFILE DATA: F414-GE-400    
 METEOROLOGY:  TEMP      =    47 F
               REL HUMID =    78 %

  PROFILE            POWER     AIRSPEED POWER DESCRIPTION    NORMALIZED DATASETS
    ID    OPC       SETTING      KNOTS                       REFERENCE  SLOPE PTS
 FM0450203 04     84.00 % NC       160  CRUISE POWER         M04502041V 041V 031V


 ****************************** GENERAL INFORMATION *******************************
 OPC --- OPERATION POWER CODE.
 THE ENGINE TYPE GIVEN ABOVE IS TAKEN FROM THE LAST REFERENCE FILE DATASET;
 IT IS ASSUMED TO BE THE SAME FOR ALL DATASETS.

SUMMARY OF I/O FOR AIRCRAFT: F-18E/F             

 PROGRAM:  OMEGA 10.9
 AIRCRAFT CODE: M04502
 PROFILE VERSION CODE: W
 DATE: 19 Jan 2023
 DELTA N (OR DELN)=  0.00 DB


 *********************************** INPUT DATA ***********************************
  DATASET               POWER     AIRSPEED POWER DESCRIPTION     DATE OF
    NAME     OPC       SETTING      KNOTS                        NORM. RUN
 FM04502011F  01     97.00 % NC       160  AFTERBURNER POWER     15 FEB 2001
 FM04502031V  03     96.00 % NC       160  TAKEOFF POWER         15 FEB 2001
 FM04502051P  05     84.00 % NC       160  APPROACH POWER        15 FEB 2001
 FM04502041V  04     83.50 % NC       160  CRUISE POWER          15 FEB 2001
 FM04502131V  13     79.50 % NC       160  TRAFFIC PATTERN       15 FEB 2001


 ********************************** OUTPUT DATA ***********************************
 IS PROFILE DATA WRITTEN ON FILE *UNIT 3*?--YES
 MAXIMUM PERMITTED PROFILE DATA EXTRAPOLATION IS:  5.00 DB
 ENGINE TYPE FOR ALL PROFILE DATA: F414-GE-400    
 METEOROLOGY:  TEMP      =    47 F
               REL HUMID =    78 %

  PROFILE            POWER     AIRSPEED POWER DESCRIPTION    NORMALIZED DATASETS
    ID    OPC       SETTING      KNOTS                       REFERENCE  SLOPE PTS
 FM0450204 05     85.00 % NC       160  APPROACH POWER       M04502051P 041V 031V


 ****************************** GENERAL INFORMATION *******************************
 OPC --- OPERATION POWER CODE.
 THE ENGINE TYPE GIVEN ABOVE IS TAKEN FROM THE LAST REFERENCE FILE DATASET;
 IT IS ASSUMED TO BE THE SAME FOR ALL DATASETS.

SUMMARY OF I/O FOR AIRCRAFT: F-18E/F             

 PROGRAM:  OMEGA 10.9
 AIRCRAFT CODE: M04502
 PROFILE VERSION CODE: W
 DATE: 19 Jan 2023
 DELTA N (OR DELN)=  0.00 DB


 *********************************** INPUT DATA ***********************************
  DATASET               POWER     AIRSPEED POWER DESCRIPTION     DATE OF
    NAME     OPC       SETTING      KNOTS                        NORM. RUN
 FM04502011F  01     97.00 % NC       160  AFTERBURNER POWER     15 FEB 2001
 FM04502031V  03     96.00 % NC       160  TAKEOFF POWER         15 FEB 2001
 FM04502051P  05     84.00 % NC       160  APPROACH POWER        15 FEB 2001
 FM04502041V  04     83.50 % NC       160  CRUISE POWER          15 FEB 2001
 FM04502131V  13     79.50 % NC       160  TRAFFIC PATTERN       15 FEB 2001


 ********************************** OUTPUT DATA ***********************************
 IS PROFILE DATA WRITTEN ON FILE *UNIT 3*?--YES
 MAXIMUM PERMITTED PROFILE DATA EXTRAPOLATION IS:  5.00 DB
 ENGINE TYPE FOR ALL PROFILE DATA: F414-GE-400    
 METEOROLOGY:  TEMP      =    47 F
               REL HUMID =    78 %

  PROFILE            POWER     AIRSPEED POWER DESCRIPTION    NORMALIZED DATASETS
    ID    OPC       SETTING      KNOTS                       REFERENCE  SLOPE PTS
 FM0450205 05     82.20 % NC       160  APPROACH POWER       M04502131V 131V 041V
                                                             M04502051P 041V 031V


 ****************************** GENERAL INFORMATION *******************************
 OPC --- OPERATION POWER CODE.
 THE ENGINE TYPE GIVEN ABOVE IS TAKEN FROM THE LAST REFERENCE FILE DATASET;
 IT IS ASSUMED TO BE THE SAME FOR ALL DATASETS.

SUMMARY OF I/O FOR AIRCRAFT: F-18E/F             

 PROGRAM:  OMEGA 10.9
 AIRCRAFT CODE: M04502
 PROFILE VERSION CODE: W
 DATE: 19 Jan 2023
 DELTA N (OR DELN)=  0.00 DB


 *********************************** INPUT DATA ***********************************
  DATASET               POWER     AIRSPEED POWER DESCRIPTION     DATE OF
    NAME     OPC       SETTING      KNOTS                        NORM. RUN
 FM04502011F  01     97.00 % NC       160  AFTERBURNER POWER     15 FEB 2001
 FM04502031V  03     96.00 % NC       160  TAKEOFF POWER         15 FEB 2001
 FM04502051P  05     84.00 % NC       160  APPROACH POWER        15 FEB 2001
 FM04502041V  04     83.50 % NC       160  CRUISE POWER          15 FEB 2001
 FM04502131V  13     79.50 % NC       160  TRAFFIC PATTERN       15 FEB 2001


 ********************************** OUTPUT DATA ***********************************
 IS PROFILE DATA WRITTEN ON FILE *UNIT 3*?--YES
 MAXIMUM PERMITTED PROFILE DATA EXTRAPOLATION IS:  5.00 DB
 ENGINE TYPE FOR ALL PROFILE DATA: F414-GE-400    
 METEOROLOGY:  TEMP      =    47 F
               REL HUMID =    78 %

  PROFILE            POWER     AIRSPEED POWER DESCRIPTION    NORMALIZED DATASETS
    ID    OPC       SETTING      KNOTS                       REFERENCE  SLOPE PTS
 FM0450206 13     78.00 % NC       160  TRAFFIC PATTERN      M04502131V 131V 041V


 ****************************** GENERAL INFORMATION *******************************
 OPC --- OPERATION POWER CODE.
 THE ENGINE TYPE GIVEN ABOVE IS TAKEN FROM THE LAST REFERENCE FILE DATASET;
 IT IS ASSUMED TO BE THE SAME FOR ALL DATASETS.

SUMMARY OF I/O FOR AIRCRAFT: F-18E/F             

 PROGRAM:  OMEGA 10.9
 AIRCRAFT CODE: M04502
 PROFILE VERSION CODE: W
 DATE: 19 Jan 2023
 DELTA N (OR DELN)=  0.00 DB


 *********************************** INPUT DATA ***********************************
  DATASET               POWER     AIRSPEED POWER DESCRIPTION     DATE OF
    NAME     OPC       SETTING      KNOTS                        NORM. RUN
 FM04502011F  01     97.00 % NC       160  AFTERBURNER POWER     15 FEB 2001
 FM04502031V  03     96.00 % NC       160  TAKEOFF POWER         15 FEB 2001
 FM04502051P  05     84.00 % NC       160  APPROACH POWER        15 FEB 2001
 FM04502041V  04     83.50 % NC       160  CRUISE POWER          15 FEB 2001
 FM04502131V  13     79.50 % NC       160  TRAFFIC PATTERN       15 FEB 2001


 ********************************** OUTPUT DATA ***********************************
 IS PROFILE DATA WRITTEN ON FILE *UNIT 3*?--YES
 MAXIMUM PERMITTED PROFILE DATA EXTRAPOLATION IS:  5.00 DB
 ENGINE TYPE FOR ALL PROFILE DATA: F414-GE-400    
 METEOROLOGY:  TEMP      =    47 F
               REL HUMID =    78 %

  PROFILE            POWER     AIRSPEED POWER DESCRIPTION    NORMALIZED DATASETS
    ID    OPC       SETTING      KNOTS                       REFERENCE  SLOPE PTS
 FM0450207 05     88.70 % NC       160  APPROACH POWER       M04502051P 041V 031V


 ****************************** GENERAL INFORMATION *******************************
 OPC --- OPERATION POWER CODE.
 THE ENGINE TYPE GIVEN ABOVE IS TAKEN FROM THE LAST REFERENCE FILE DATASET;
 IT IS ASSUMED TO BE THE SAME FOR ALL DATASETS.

SUMMARY OF I/O FOR AIRCRAFT: F-18E/F             

 PROGRAM:  OMEGA 10.9
 AIRCRAFT CODE: M04502
 PROFILE VERSION CODE: W
 DATE: 19 Jan 2023
 DELTA N (OR DELN)=  0.00 DB


 *********************************** INPUT DATA ***********************************
  DATASET               POWER     AIRSPEED POWER DESCRIPTION     DATE OF
    NAME     OPC       SETTING      KNOTS                        NORM. RUN
 FM04502011F  01     97.00 % NC       160  AFTERBURNER POWER     15 FEB 2001
 FM04502031V  03     96.00 % NC       160  TAKEOFF POWER         15 FEB 2001
 FM04502051P  05     84.00 % NC       160  APPROACH POWER        15 FEB 2001
 FM04502041V  04     83.50 % NC       160  CRUISE POWER          15 FEB 2001
 FM04502131V  13     79.50 % NC       160  TRAFFIC PATTERN       15 FEB 2001


 ********************************** OUTPUT DATA ***********************************
 IS PROFILE DATA WRITTEN ON FILE *UNIT 3*?--YES
 MAXIMUM PERMITTED PROFILE DATA EXTRAPOLATION IS:  5.00 DB
 ENGINE TYPE FOR ALL PROFILE DATA: F414-GE-400    
 METEOROLOGY:  TEMP      =    47 F
               REL HUMID =    78 %

  PROFILE            POWER     AIRSPEED POWER DESCRIPTION    NORMALIZED DATASETS
    ID    OPC       SETTING      KNOTS                       REFERENCE  SLOPE PTS
 FM0450208 04     87.00 % NC       160  CRUISE POWER         M04502041V 041V 031V


 ****************************** GENERAL INFORMATION *******************************
 OPC --- OPERATION POWER CODE.
 THE ENGINE TYPE GIVEN ABOVE IS TAKEN FROM THE LAST REFERENCE FILE DATASET;
 IT IS ASSUMED TO BE THE SAME FOR ALL DATASETS.

SUMMARY OF I/O FOR AIRCRAFT: F-18E/F             

 PROGRAM:  OMEGA 10.9
 AIRCRAFT CODE: M04502
 PROFILE VERSION CODE: W
 DATE: 19 Jan 2023
 DELTA N (OR DELN)=  0.00 DB


 *********************************** INPUT DATA ***********************************
  DATASET               POWER     AIRSPEED POWER DESCRIPTION     DATE OF
    NAME     OPC       SETTING      KNOTS                        NORM. RUN
 FM04502011F  01     97.00 % NC       160  AFTERBURNER POWER     15 FEB 2001
 FM04502031V  03     96.00 % NC       160  TAKEOFF POWER         15 FEB 2001
 FM04502051P  05     84.00 % NC       160  APPROACH POWER        15 FEB 2001
 FM04502041V  04     83.50 % NC       160  CRUISE POWER          15 FEB 2001
 FM04502131V  13     79.50 % NC       160  TRAFFIC PATTERN       15 FEB 2001


 ********************************** OUTPUT DATA ***********************************
 IS PROFILE DATA WRITTEN ON FILE *UNIT 3*?--YES
 MAXIMUM PERMITTED PROFILE DATA EXTRAPOLATION IS:  5.00 DB
 ENGINE TYPE FOR ALL PROFILE DATA: F414-GE-400    
 METEOROLOGY:  TEMP      =    47 F
               REL HUMID =    78 %

  PROFILE            POWER     AIRSPEED POWER DESCRIPTION    NORMALIZED DATASETS
    ID    OPC       SETTING      KNOTS                       REFERENCE  SLOPE PTS
 FM0450209 05     84.00 % NC       160  APPROACH POWER       M04502051P


 ****************************** GENERAL INFORMATION *******************************
 OPC --- OPERATION POWER CODE.
 THE ENGINE TYPE GIVEN ABOVE IS TAKEN FROM THE LAST REFERENCE FILE DATASET;
 IT IS ASSUMED TO BE THE SAME FOR ALL DATASETS.

SUMMARY OF I/O FOR AIRCRAFT: F-18E/F             

 PROGRAM:  OMEGA 10.9
 AIRCRAFT CODE: M04502
 PROFILE VERSION CODE: W
 DATE: 19 Jan 2023
 DELTA N (OR DELN)=  0.00 DB


 *********************************** INPUT DATA ***********************************
  DATASET               POWER     AIRSPEED POWER DESCRIPTION     DATE OF
    NAME     OPC       SETTING      KNOTS                        NORM. RUN
 FM04502011F  01     97.00 % NC       160  AFTERBURNER POWER     15 FEB 2001
 FM04502031V  03     96.00 % NC       160  TAKEOFF POWER         15 FEB 2001
 FM04502051P  05     84.00 % NC       160  APPROACH POWER        15 FEB 2001
 FM04502041V  04     83.50 % NC       160  CRUISE POWER          15 FEB 2001
 FM04502131V  13     79.50 % NC       160  TRAFFIC PATTERN       15 FEB 2001


 ********************************** OUTPUT DATA ***********************************
 IS PROFILE DATA WRITTEN ON FILE *UNIT 3*?--YES
 MAXIMUM PERMITTED PROFILE DATA EXTRAPOLATION IS:  5.00 DB
 ENGINE TYPE FOR ALL PROFILE DATA: F414-GE-400    
 METEOROLOGY:  TEMP      =    47 F
               REL HUMID =    78 %

  PROFILE            POWER     AIRSPEED POWER DESCRIPTION    NORMALIZED DATASETS
    ID    OPC       SETTING      KNOTS                       REFERENCE  SLOPE PTS
 FM0450210 04     83.00 % NC       160  CRUISE POWER         M04502131V 131V 041V


 ****************************** GENERAL INFORMATION *******************************
 OPC --- OPERATION POWER CODE.
 THE ENGINE TYPE GIVEN ABOVE IS TAKEN FROM THE LAST REFERENCE FILE DATASET;
 IT IS ASSUMED TO BE THE SAME FOR ALL DATASETS.

SUMMARY OF I/O FOR AIRCRAFT: F-18E/F             

 PROGRAM:  OMEGA 10.9
 AIRCRAFT CODE: M04502
 PROFILE VERSION CODE: W
 DATE: 19 Jan 2023
 DELTA N (OR DELN)=  0.00 DB


 *********************************** INPUT DATA ***********************************
  DATASET               POWER     AIRSPEED POWER DESCRIPTION     DATE OF
    NAME     OPC       SETTING      KNOTS                        NORM. RUN
 FM04502011F  01     97.00 % NC       160  AFTERBURNER POWER     15 FEB 2001
 FM04502031V  03     96.00 % NC       160  TAKEOFF POWER         15 FEB 2001
 FM04502051P  05     84.00 % NC       160  APPROACH POWER        15 FEB 2001
 FM04502041V  04     83.50 % NC       160  CRUISE POWER          15 FEB 2001
 FM04502131V  13     79.50 % NC       160  TRAFFIC PATTERN       15 FEB 2001


 ********************************** OUTPUT DATA ***********************************
 IS PROFILE DATA WRITTEN ON FILE *UNIT 3*?--YES
 MAXIMUM PERMITTED PROFILE DATA EXTRAPOLATION IS:  5.00 DB
 ENGINE TYPE FOR ALL PROFILE DATA: F414-GE-400    
 METEOROLOGY:  TEMP      =    47 F
               REL HUMID =    78 %

  PROFILE            POWER     AIRSPEED POWER DESCRIPTION    NORMALIZED DATASETS
    ID    OPC       SETTING      KNOTS                       REFERENCE  SLOPE PTS
 FM0450211 13     80.00 % NC       160  TRAFFIC PATTERN      M04502131V 131V 041V


 ****************************** GENERAL INFORMATION *******************************
 OPC --- OPERATION POWER CODE.
 THE ENGINE TYPE GIVEN ABOVE IS TAKEN FROM THE LAST REFERENCE FILE DATASET;
 IT IS ASSUMED TO BE THE SAME FOR ALL DATASETS.

SUMMARY OF I/O FOR AIRCRAFT: F-18E/F             

 PROGRAM:  OMEGA 10.9
 AIRCRAFT CODE: M04502
 PROFILE VERSION CODE: W
 DATE: 19 Jan 2023
 DELTA N (OR DELN)=  0.00 DB


 *********************************** INPUT DATA ***********************************
  DATASET               POWER     AIRSPEED POWER DESCRIPTION     DATE OF
    NAME     OPC       SETTING      KNOTS                        NORM. RUN
 FM04502011F  01     97.00 % NC       160  AFTERBURNER POWER     15 FEB 2001
 FM04502031V  03     96.00 % NC       160  TAKEOFF POWER         15 FEB 2001
 FM04502051P  05     84.00 % NC       160  APPROACH POWER        15 FEB 2001
 FM04502041V  04     83.50 % NC       160  CRUISE POWER          15 FEB 2001
 FM04502131V  13     79.50 % NC       160  TRAFFIC PATTERN       15 FEB 2001


 ********************************** OUTPUT DATA ***********************************
 IS PROFILE DATA WRITTEN ON FILE *UNIT 3*?--YES
 MAXIMUM PERMITTED PROFILE DATA EXTRAPOLATION IS:  5.00 DB
 ENGINE TYPE FOR ALL PROFILE DATA: F414-GE-400    
 METEOROLOGY:  TEMP      =    47 F
               REL HUMID =    78 %

  PROFILE            POWER     AIRSPEED POWER DESCRIPTION    NORMALIZED DATASETS
    ID    OPC       SETTING      KNOTS                       REFERENCE  SLOPE PTS
 FM0450212 04     85.00 % NC       160  CRUISE POWER         M04502041V 041V 031V


 ****************************** GENERAL INFORMATION *******************************
 OPC --- OPERATION POWER CODE.
 THE ENGINE TYPE GIVEN ABOVE IS TAKEN FROM THE LAST REFERENCE FILE DATASET;
 IT IS ASSUMED TO BE THE SAME FOR ALL DATASETS.

SUMMARY OF I/O FOR AIRCRAFT: F-18E/F             

 PROGRAM:  OMEGA 10.9
 AIRCRAFT CODE: M04502
 PROFILE VERSION CODE: W
 DATE: 19 Jan 2023
 DELTA N (OR DELN)=  0.00 DB


 *********************************** INPUT DATA ***********************************
  DATASET               POWER     AIRSPEED POWER DESCRIPTION     DATE OF
    NAME     OPC       SETTING      KNOTS                        NORM. RUN
 FM04502011F  01     97.00 % NC       160  AFTERBURNER POWER     15 FEB 2001
 FM04502031V  03     96.00 % NC       160  TAKEOFF POWER         15 FEB 2001
 FM04502051P  05     84.00 % NC       160  APPROACH POWER        15 FEB 2001
 FM04502041V  04     83.50 % NC       160  CRUISE POWER          15 FEB 2001
 FM04502131V  13     79.50 % NC       160  TRAFFIC PATTERN       15 FEB 2001


 ********************************** OUTPUT DATA ***********************************
 IS PROFILE DATA WRITTEN ON FILE *UNIT 3*?--YES
 MAXIMUM PERMITTED PROFILE DATA EXTRAPOLATION IS:  5.00 DB
 ENGINE TYPE FOR ALL PROFILE DATA: F414-GE-400    
 METEOROLOGY:  TEMP      =    47 F
               REL HUMID =    78 %

  PROFILE            POWER     AIRSPEED POWER DESCRIPTION    NORMALIZED DATASETS
    ID    OPC       SETTING      KNOTS                       REFERENCE  SLOPE PTS
 FM0450213 05     87.00 % NC       160  APPROACH POWER       M04502051P 041V 031V


 ****************************** GENERAL INFORMATION *******************************
 OPC --- OPERATION POWER CODE.
 THE ENGINE TYPE GIVEN ABOVE IS TAKEN FROM THE LAST REFERENCE FILE DATASET;
 IT IS ASSUMED TO BE THE SAME FOR ALL DATASETS.

SUMMARY OF I/O FOR AIRCRAFT: F-18E/F             

 PROGRAM:  OMEGA 10.9
 AIRCRAFT CODE: M04502
 PROFILE VERSION CODE: W
 DATE: 19 Jan 2023
 DELTA N (OR DELN)=  0.00 DB


 *********************************** INPUT DATA ***********************************
  DATASET               POWER     AIRSPEED POWER DESCRIPTION     DATE OF
    NAME     OPC       SETTING      KNOTS                        NORM. RUN
 FM04502011F  01     97.00 % NC       160  AFTERBURNER POWER     15 FEB 2001
 FM04502031V  03     96.00 % NC       160  TAKEOFF POWER         15 FEB 2001
 FM04502051P  05     84.00 % NC       160  APPROACH POWER        15 FEB 2001
 FM04502041V  04     83.50 % NC       160  CRUISE POWER          15 FEB 2001
 FM04502131V  13     79.50 % NC       160  TRAFFIC PATTERN       15 FEB 2001


 ********************************** OUTPUT DATA ***********************************
 IS PROFILE DATA WRITTEN ON FILE *UNIT 3*?--YES
 MAXIMUM PERMITTED PROFILE DATA EXTRAPOLATION IS:  5.00 DB
 ENGINE TYPE FOR ALL PROFILE DATA: F414-GE-400    
 METEOROLOGY:  TEMP      =    47 F
               REL HUMID =    78 %

  PROFILE            POWER     AIRSPEED POWER DESCRIPTION    NORMALIZED DATASETS
    ID    OPC       SETTING      KNOTS                       REFERENCE  SLOPE PTS
 FM0450214 03     96.00 % NC       160  TAKEOFF POWER        M04502031V


 ****************************** GENERAL INFORMATION *******************************
 OPC --- OPERATION POWER CODE.
 THE ENGINE TYPE GIVEN ABOVE IS TAKEN FROM THE LAST REFERENCE FILE DATASET;
 IT IS ASSUMED TO BE THE SAME FOR ALL DATASETS.

SUMMARY OF I/O FOR AIRCRAFT: F-18E/F             

 PROGRAM:  OMEGA 10.9
 AIRCRAFT CODE: M04502
 PROFILE VERSION CODE: W
 DATE: 19 Jan 2023
 DELTA N (OR DELN)=  0.00 DB


 *********************************** INPUT DATA ***********************************
  DATASET               POWER     AIRSPEED POWER DESCRIPTION     DATE OF
    NAME     OPC       SETTING      KNOTS                        NORM. RUN
 FM04502011F  01     97.00 % NC       160  AFTERBURNER POWER     15 FEB 2001
 FM04502031V  03     96.00 % NC       160  TAKEOFF POWER         15 FEB 2001
 FM04502051P  05     84.00 % NC       160  APPROACH POWER        15 FEB 2001
 FM04502041V  04     83.50 % NC       160  CRUISE POWER          15 FEB 2001
 FM04502131V  13     79.50 % NC       160  TRAFFIC PATTERN       15 FEB 2001


 ********************************** OUTPUT DATA ***********************************
 IS PROFILE DATA WRITTEN ON FILE *UNIT 3*?--YES
 MAXIMUM PERMITTED PROFILE DATA EXTRAPOLATION IS:  5.00 DB
 ENGINE TYPE FOR ALL PROFILE DATA: F414-GE-400    
 METEOROLOGY:  TEMP      =    47 F
               REL HUMID =    78 %

  PROFILE            POWER     AIRSPEED POWER DESCRIPTION    NORMALIZED DATASETS
    ID    OPC       SETTING      KNOTS                       REFERENCE  SLOPE PTS
 FM0450215 03     90.00 % NC       160  TAKEOFF POWER        M04502041V 041V 031V


 ****************************** GENERAL INFORMATION *******************************
 OPC --- OPERATION POWER CODE.
 THE ENGINE TYPE GIVEN ABOVE IS TAKEN FROM THE LAST REFERENCE FILE DATASET;
 IT IS ASSUMED TO BE THE SAME FOR ALL DATASETS.

SUMMARY OF I/O FOR AIRCRAFT: F-18E/F             

 PROGRAM:  OMEGA 10.9
 AIRCRAFT CODE: M04502
 PROFILE VERSION CODE: W
 DATE: 19 Jan 2023
 DELTA N (OR DELN)=  0.00 DB


 *********************************** INPUT DATA ***********************************
  DATASET               POWER     AIRSPEED POWER DESCRIPTION     DATE OF
    NAME     OPC       SETTING      KNOTS                        NORM. RUN
 FM04502011F  01     97.00 % NC       160  AFTERBURNER POWER     15 FEB 2001
 FM04502031V  03     96.00 % NC       160  TAKEOFF POWER         15 FEB 2001
 FM04502051P  05     84.00 % NC       160  APPROACH POWER        15 FEB 2001
 FM04502041V  04     83.50 % NC       160  CRUISE POWER          15 FEB 2001
 FM04502131V  13     79.50 % NC       160  TRAFFIC PATTERN       15 FEB 2001


 ********************************** OUTPUT DATA ***********************************
 IS PROFILE DATA WRITTEN ON FILE *UNIT 3*?--YES
 MAXIMUM PERMITTED PROFILE DATA EXTRAPOLATION IS:  5.00 DB
 ENGINE TYPE FOR ALL PROFILE DATA: F414-GE-400    
 METEOROLOGY:  TEMP      =    47 F
               REL HUMID =    78 %

  PROFILE            POWER     AIRSPEED POWER DESCRIPTION    NORMALIZED DATASETS
    ID    OPC       SETTING      KNOTS                       REFERENCE  SLOPE PTS
 FM0450216 04     82.00 % NC       160  CRUISE POWER         M04502131V 131V 041V


 ****************************** GENERAL INFORMATION *******************************
 OPC --- OPERATION POWER CODE.
 THE ENGINE TYPE GIVEN ABOVE IS TAKEN FROM THE LAST REFERENCE FILE DATASET;
 IT IS ASSUMED TO BE THE SAME FOR ALL DATASETS.

SUMMARY OF I/O FOR AIRCRAFT: P-3C                

 PROGRAM:  OMEGA 10.9
 AIRCRAFT CODE: M05702
 PROFILE VERSION CODE: W
 DATE: 19 Jan 2023
 DELTA N (OR DELN)=  0.00 DB


 *********************************** INPUT DATA ***********************************
  DATASET               POWER     AIRSPEED POWER DESCRIPTION     DATE OF
    NAME     OPC       SETTING      KNOTS                        NORM. RUN
 FM05702031V  03   3500.00 ESHP       285  TAKEOFF POWER         30 APR 1997
 FM05702041V  04   1200.00 ESHP       150  CRUISE POWER          30 APR 1997
 FM05702051P  05   1700.00 ESHP       165  APPROACH POWER        30 APR 1997
 FM05702061V  06   2500.00 ESHP       260  INTERMEDIATE POWER    30 APR 1997


 ********************************** OUTPUT DATA ***********************************
 IS PROFILE DATA WRITTEN ON FILE *UNIT 3*?--YES
 MAXIMUM PERMITTED PROFILE DATA EXTRAPOLATION IS:  5.00 DB
 ENGINE TYPE FOR ALL PROFILE DATA: T56-A-14       
 METEOROLOGY:  TEMP      =    47 F
               REL HUMID =    78 %

  PROFILE            POWER     AIRSPEED POWER DESCRIPTION    NORMALIZED DATASETS
    ID    OPC       SETTING      KNOTS                       REFERENCE  SLOPE PTS
 FM0570200 03   3500.00 ESHP       160  TAKEOFF POWER        M05702031V


 ****************************** GENERAL INFORMATION *******************************
 OPC --- OPERATION POWER CODE.
 THE ENGINE TYPE GIVEN ABOVE IS TAKEN FROM THE LAST REFERENCE FILE DATASET;
 IT IS ASSUMED TO BE THE SAME FOR ALL DATASETS.

SUMMARY OF I/O FOR AIRCRAFT: P-3C                

 PROGRAM:  OMEGA 10.9
 AIRCRAFT CODE: M05702
 PROFILE VERSION CODE: W
 DATE: 19 Jan 2023
 DELTA N (OR DELN)=  0.00 DB


 *********************************** INPUT DATA ***********************************
  DATASET               POWER     AIRSPEED POWER DESCRIPTION     DATE OF
    NAME     OPC       SETTING      KNOTS                        NORM. RUN
 FM05702031V  03   3500.00 ESHP       285  TAKEOFF POWER         30 APR 1997
 FM05702041V  04   1200.00 ESHP       150  CRUISE POWER          30 APR 1997
 FM05702051P  05   1700.00 ESHP       165  APPROACH POWER        30 APR 1997
 FM05702061V  06   2500.00 ESHP       260  INTERMEDIATE POWER    30 APR 1997


 ********************************** OUTPUT DATA ***********************************
 IS PROFILE DATA WRITTEN ON FILE *UNIT 3*?--YES
 MAXIMUM PERMITTED PROFILE DATA EXTRAPOLATION IS:  5.00 DB
 ENGINE TYPE FOR ALL PROFILE DATA: T56-A-14       
 METEOROLOGY:  TEMP      =    47 F
               REL HUMID =    78 %

  PROFILE            POWER     AIRSPEED POWER DESCRIPTION    NORMALIZED DATASETS
    ID    OPC       SETTING      KNOTS                       REFERENCE  SLOPE PTS
 FM0570201 05    800.00 ESHP       160  APPROACH POWER       M05702051P 041V 061V


 ****************************** GENERAL INFORMATION *******************************
 OPC --- OPERATION POWER CODE.
 THE ENGINE TYPE GIVEN ABOVE IS TAKEN FROM THE LAST REFERENCE FILE DATASET;
 IT IS ASSUMED TO BE THE SAME FOR ALL DATASETS.

SUMMARY OF I/O FOR AIRCRAFT: P-3C                

 PROGRAM:  OMEGA 10.9
 AIRCRAFT CODE: M05702
 PROFILE VERSION CODE: W
 DATE: 19 Jan 2023
 DELTA N (OR DELN)=  0.00 DB


 *********************************** INPUT DATA ***********************************
  DATASET               POWER     AIRSPEED POWER DESCRIPTION     DATE OF
    NAME     OPC       SETTING      KNOTS                        NORM. RUN
 FM05702031V  03   3500.00 ESHP       285  TAKEOFF POWER         30 APR 1997
 FM05702041V  04   1200.00 ESHP       150  CRUISE POWER          30 APR 1997
 FM05702051P  05   1700.00 ESHP       165  APPROACH POWER        30 APR 1997
 FM05702061V  06   2500.00 ESHP       260  INTERMEDIATE POWER    30 APR 1997


 ********************************** OUTPUT DATA ***********************************
 IS PROFILE DATA WRITTEN ON FILE *UNIT 3*?--YES
 MAXIMUM PERMITTED PROFILE DATA EXTRAPOLATION IS:  5.00 DB
 ENGINE TYPE FOR ALL PROFILE DATA: T56-A-14       
 METEOROLOGY:  TEMP      =    47 F
               REL HUMID =    78 %

  PROFILE            POWER     AIRSPEED POWER DESCRIPTION    NORMALIZED DATASETS
    ID    OPC       SETTING      KNOTS                       REFERENCE  SLOPE PTS
 FM0570202 05   1200.00 ESHP       160  APPROACH POWER       M05702051P 041V 061V


 ****************************** GENERAL INFORMATION *******************************
 OPC --- OPERATION POWER CODE.
 THE ENGINE TYPE GIVEN ABOVE IS TAKEN FROM THE LAST REFERENCE FILE DATASET;
 IT IS ASSUMED TO BE THE SAME FOR ALL DATASETS.

SUMMARY OF I/O FOR AIRCRAFT: P-3C                

 PROGRAM:  OMEGA 10.9
 AIRCRAFT CODE: M05702
 PROFILE VERSION CODE: W
 DATE: 19 Jan 2023
 DELTA N (OR DELN)=  0.00 DB


 *********************************** INPUT DATA ***********************************
  DATASET               POWER     AIRSPEED POWER DESCRIPTION     DATE OF
    NAME     OPC       SETTING      KNOTS                        NORM. RUN
 FM05702031V  03   3500.00 ESHP       285  TAKEOFF POWER         30 APR 1997
 FM05702041V  04   1200.00 ESHP       150  CRUISE POWER          30 APR 1997
 FM05702051P  05   1700.00 ESHP       165  APPROACH POWER        30 APR 1997
 FM05702061V  06   2500.00 ESHP       260  INTERMEDIATE POWER    30 APR 1997


 ********************************** OUTPUT DATA ***********************************
 IS PROFILE DATA WRITTEN ON FILE *UNIT 3*?--YES
 MAXIMUM PERMITTED PROFILE DATA EXTRAPOLATION IS:  5.00 DB
 ENGINE TYPE FOR ALL PROFILE DATA: T56-A-14       
 METEOROLOGY:  TEMP      =    47 F
               REL HUMID =    78 %

  PROFILE            POWER     AIRSPEED POWER DESCRIPTION    NORMALIZED DATASETS
    ID    OPC       SETTING      KNOTS                       REFERENCE  SLOPE PTS
 FM0570203 04   1200.00 ESHP       160  CRUISE POWER         M05702041V


 ****************************** GENERAL INFORMATION *******************************
 OPC --- OPERATION POWER CODE.
 THE ENGINE TYPE GIVEN ABOVE IS TAKEN FROM THE LAST REFERENCE FILE DATASET;
 IT IS ASSUMED TO BE THE SAME FOR ALL DATASETS.

SUMMARY OF I/O FOR AIRCRAFT: P-3C                

 PROGRAM:  OMEGA 10.9
 AIRCRAFT CODE: M05702
 PROFILE VERSION CODE: W
 DATE: 19 Jan 2023
 DELTA N (OR DELN)=  0.00 DB


 *********************************** INPUT DATA ***********************************
  DATASET               POWER     AIRSPEED POWER DESCRIPTION     DATE OF
    NAME     OPC       SETTING      KNOTS                        NORM. RUN
 FM05702031V  03   3500.00 ESHP       285  TAKEOFF POWER         30 APR 1997
 FM05702041V  04   1200.00 ESHP       150  CRUISE POWER          30 APR 1997
 FM05702051P  05   1700.00 ESHP       165  APPROACH POWER        30 APR 1997
 FM05702061V  06   2500.00 ESHP       260  INTERMEDIATE POWER    30 APR 1997


 ********************************** OUTPUT DATA ***********************************
 IS PROFILE DATA WRITTEN ON FILE *UNIT 3*?--YES
 MAXIMUM PERMITTED PROFILE DATA EXTRAPOLATION IS:  5.00 DB
 ENGINE TYPE FOR ALL PROFILE DATA: T56-A-14       
 METEOROLOGY:  TEMP      =    47 F
               REL HUMID =    78 %

  PROFILE            POWER     AIRSPEED POWER DESCRIPTION    NORMALIZED DATASETS
    ID    OPC       SETTING      KNOTS                       REFERENCE  SLOPE PTS
 FM0570204 04    500.00 ESHP       160  CRUISE POWER         M05702041V 041V 061V


 ****************************** GENERAL INFORMATION *******************************
 OPC --- OPERATION POWER CODE.
 THE ENGINE TYPE GIVEN ABOVE IS TAKEN FROM THE LAST REFERENCE FILE DATASET;
 IT IS ASSUMED TO BE THE SAME FOR ALL DATASETS.

SUMMARY OF I/O FOR AIRCRAFT: P-3C                

 PROGRAM:  OMEGA 10.9
 AIRCRAFT CODE: M05702
 PROFILE VERSION CODE: W
 DATE: 19 Jan 2023
 DELTA N (OR DELN)=  0.00 DB


 *********************************** INPUT DATA ***********************************
  DATASET               POWER     AIRSPEED POWER DESCRIPTION     DATE OF
    NAME     OPC       SETTING      KNOTS                        NORM. RUN
 FM05702031V  03   3500.00 ESHP       285  TAKEOFF POWER         30 APR 1997
 FM05702041V  04   1200.00 ESHP       150  CRUISE POWER          30 APR 1997
 FM05702051P  05   1700.00 ESHP       165  APPROACH POWER        30 APR 1997
 FM05702061V  06   2500.00 ESHP       260  INTERMEDIATE POWER    30 APR 1997


 ********************************** OUTPUT DATA ***********************************
 IS PROFILE DATA WRITTEN ON FILE *UNIT 3*?--YES
 MAXIMUM PERMITTED PROFILE DATA EXTRAPOLATION IS:  5.00 DB
 ENGINE TYPE FOR ALL PROFILE DATA: T56-A-14       
 METEOROLOGY:  TEMP      =    47 F
               REL HUMID =    78 %

  PROFILE            POWER     AIRSPEED POWER DESCRIPTION    NORMALIZED DATASETS
    ID    OPC       SETTING      KNOTS                       REFERENCE  SLOPE PTS
 FM0570205 06   2000.00 ESHP       160  INTERMEDIATE POWER   M05702041V 041V 061V


 ****************************** GENERAL INFORMATION *******************************
 OPC --- OPERATION POWER CODE.
 THE ENGINE TYPE GIVEN ABOVE IS TAKEN FROM THE LAST REFERENCE FILE DATASET;
 IT IS ASSUMED TO BE THE SAME FOR ALL DATASETS.

SUMMARY OF I/O FOR AIRCRAFT: P-3C                

 PROGRAM:  OMEGA 10.9
 AIRCRAFT CODE: M05702
 PROFILE VERSION CODE: W
 DATE: 19 Jan 2023
 DELTA N (OR DELN)=  0.00 DB


 *********************************** INPUT DATA ***********************************
  DATASET               POWER     AIRSPEED POWER DESCRIPTION     DATE OF
    NAME     OPC       SETTING      KNOTS                        NORM. RUN
 FM05702031V  03   3500.00 ESHP       285  TAKEOFF POWER         30 APR 1997
 FM05702041V  04   1200.00 ESHP       150  CRUISE POWER          30 APR 1997
 FM05702051P  05   1700.00 ESHP       165  APPROACH POWER        30 APR 1997
 FM05702061V  06   2500.00 ESHP       260  INTERMEDIATE POWER    30 APR 1997


 ********************************** OUTPUT DATA ***********************************
 IS PROFILE DATA WRITTEN ON FILE *UNIT 3*?--YES
 MAXIMUM PERMITTED PROFILE DATA EXTRAPOLATION IS:  5.00 DB
 ENGINE TYPE FOR ALL PROFILE DATA: T56-A-14       
 METEOROLOGY:  TEMP      =    47 F
               REL HUMID =    78 %

  PROFILE            POWER     AIRSPEED POWER DESCRIPTION    NORMALIZED DATASETS
    ID    OPC       SETTING      KNOTS                       REFERENCE  SLOPE PTS
 FM0570206 04    600.00 ESHP       160  CRUISE POWER         M05702041V 041V 061V


 ****************************** GENERAL INFORMATION *******************************
 OPC --- OPERATION POWER CODE.
 THE ENGINE TYPE GIVEN ABOVE IS TAKEN FROM THE LAST REFERENCE FILE DATASET;
 IT IS ASSUMED TO BE THE SAME FOR ALL DATASETS.

SUMMARY OF I/O FOR AIRCRAFT: P-3C                

 PROGRAM:  OMEGA 10.9
 AIRCRAFT CODE: M05702
 PROFILE VERSION CODE: W
 DATE: 19 Jan 2023
 DELTA N (OR DELN)=  0.00 DB


 *********************************** INPUT DATA ***********************************
  DATASET               POWER     AIRSPEED POWER DESCRIPTION     DATE OF
    NAME     OPC       SETTING      KNOTS                        NORM. RUN
 FM05702031V  03   3500.00 ESHP       285  TAKEOFF POWER         30 APR 1997
 FM05702041V  04   1200.00 ESHP       150  CRUISE POWER          30 APR 1997
 FM05702051P  05   1700.00 ESHP       165  APPROACH POWER        30 APR 1997
 FM05702061V  06   2500.00 ESHP       260  INTERMEDIATE POWER    30 APR 1997


 ********************************** OUTPUT DATA ***********************************
 IS PROFILE DATA WRITTEN ON FILE *UNIT 3*?--YES
 MAXIMUM PERMITTED PROFILE DATA EXTRAPOLATION IS:  5.00 DB
 ENGINE TYPE FOR ALL PROFILE DATA: T56-A-14       
 METEOROLOGY:  TEMP      =    47 F
               REL HUMID =    78 %

  PROFILE            POWER     AIRSPEED POWER DESCRIPTION    NORMALIZED DATASETS
    ID    OPC       SETTING      KNOTS                       REFERENCE  SLOPE PTS
 FM0570207 04   1500.00 ESHP       160  CRUISE POWER         M05702041V 041V 061V


 ****************************** GENERAL INFORMATION *******************************
 OPC --- OPERATION POWER CODE.
 THE ENGINE TYPE GIVEN ABOVE IS TAKEN FROM THE LAST REFERENCE FILE DATASET;
 IT IS ASSUMED TO BE THE SAME FOR ALL DATASETS.

SUMMARY OF I/O FOR AIRCRAFT: P-3C                

 PROGRAM:  OMEGA 10.9
 AIRCRAFT CODE: M05702
 PROFILE VERSION CODE: W
 DATE: 19 Jan 2023
 DELTA N (OR DELN)=  0.00 DB


 *********************************** INPUT DATA ***********************************
  DATASET               POWER     AIRSPEED POWER DESCRIPTION     DATE OF
    NAME     OPC       SETTING      KNOTS                        NORM. RUN
 FM05702031V  03   3500.00 ESHP       285  TAKEOFF POWER         30 APR 1997
 FM05702041V  04   1200.00 ESHP       150  CRUISE POWER          30 APR 1997
 FM05702051P  05   1700.00 ESHP       165  APPROACH POWER        30 APR 1997
 FM05702061V  06   2500.00 ESHP       260  INTERMEDIATE POWER    30 APR 1997


 ********************************** OUTPUT DATA ***********************************
 IS PROFILE DATA WRITTEN ON FILE *UNIT 3*?--YES
 MAXIMUM PERMITTED PROFILE DATA EXTRAPOLATION IS:  5.00 DB
 ENGINE TYPE FOR ALL PROFILE DATA: T56-A-14       
 METEOROLOGY:  TEMP      =    47 F
               REL HUMID =    78 %

  PROFILE            POWER     AIRSPEED POWER DESCRIPTION    NORMALIZED DATASETS
    ID    OPC       SETTING      KNOTS                       REFERENCE  SLOPE PTS
 FM0570208 06   2500.00 ESHP       160  INTERMEDIATE POWER   M05702061V


 ****************************** GENERAL INFORMATION *******************************
 OPC --- OPERATION POWER CODE.
 THE ENGINE TYPE GIVEN ABOVE IS TAKEN FROM THE LAST REFERENCE FILE DATASET;
 IT IS ASSUMED TO BE THE SAME FOR ALL DATASETS.

